<?xml version="1.0" encoding="UTF-8"?>
<testng-results skipped="0" failed="0" ignored="0" total="1" passed="1">
  <reporter-output>
  </reporter-output>
  <suite name="Default suite" duration-ms="1899" started-at="2022-11-04T11:31:07Z" finished-at="2022-11-04T11:31:08Z">
    <groups>
    </groups>
    <test name="Default test" duration-ms="1899" started-at="2022-11-04T11:31:07Z" finished-at="2022-11-04T11:31:08Z">
      <class name="test_cases.Reading_products">
        <test-method status="PASS" signature="readProducts()[pri:0, instance:test_cases.Reading_products@5ccddd20]" name="readProducts" duration-ms="1871" started-at="2022-11-04T11:31:07Z" finished-at="2022-11-04T11:31:08Z">
          <reporter-output>
          </reporter-output>
        </test-method> <!-- readProducts -->
      </class> <!-- test_cases.Reading_products -->
    </test> <!-- Default test -->
  </suite> <!-- Default suite -->
</testng-results>
